Unity Editor version:    2021.2.5f1 (4ec9a5e799f5)
Branch:                  2021.2/staging
Build type:              Release
Batch mode:              YES
macOS version:           Version 12.0.1 (Build 21A559)
Darwin version:          21.1.0
Architecture:            arm64
Running under Rosetta:   NO
Available memory:        65536 MB
Using pre-set license
Pro License: NO

COMMAND LINE ARGUMENTS:
/Applications/Unity/Hub/Editor/2021.2.5f1/Unity.app/Contents/MacOS/Unity
-adb2
-batchMode
-noUpm
-name
AssetImportWorker1
-projectPath
/Users/gabriel/TwistTest
-logFile
Logs/AssetImportWorker1.log
-srvPort
49302
Successfully changed project path to: /Users/gabriel/TwistTest
/Users/gabriel/TwistTest
[UnityMemory] Configuration Parameters - Can be set up in boot.config
    "memorysetup-bucket-allocator-granularity=16"
    "memorysetup-bucket-allocator-bucket-count=8"
    "memorysetup-bucket-allocator-block-size=33554432"
    "memorysetup-bucket-allocator-block-count=8"
    "memorysetup-main-allocator-block-size=16777216"
    "memorysetup-thread-allocator-block-size=16777216"
    "memorysetup-gfx-main-allocator-block-size=16777216"
    "memorysetup-gfx-thread-allocator-block-size=16777216"
    "memorysetup-cache-allocator-block-size=4194304"
    "memorysetup-typetree-allocator-block-size=2097152"
    "memorysetup-profiler-bucket-allocator-granularity=16"
    "memorysetup-profiler-bucket-allocator-bucket-count=8"
    "memorysetup-profiler-bucket-allocator-block-size=33554432"
    "memorysetup-profiler-bucket-allocator-block-count=8"
    "memorysetup-profiler-allocator-block-size=16777216"
    "memorysetup-profiler-editor-allocator-block-size=1048576"
    "memorysetup-temp-allocator-size-main=16777216"
    "memorysetup-job-temp-allocator-block-size=2097152"
    "memorysetup-job-temp-allocator-block-size-background=1048576"
    "memorysetup-job-temp-allocator-reduction-small-platforms=262144"
    "memorysetup-temp-allocator-size-background-worker=32768"
    "memorysetup-temp-allocator-size-job-worker=262144"
    "memorysetup-temp-allocator-size-preload-manager=33554432"
    "memorysetup-temp-allocator-size-nav-mesh-worker=65536"
    "memorysetup-temp-allocator-size-audio-worker=65536"
    "memorysetup-temp-allocator-size-cloud-worker=32768"
    "memorysetup-temp-allocator-size-gi-baking-worker=262144"
    "memorysetup-temp-allocator-size-gfx=262144"
Refreshing native plugins compatible for Editor in 39.98 ms, found 2 plugins.
Preloading 0 native plugins for Editor in 0.00 ms.
Initialize engine version: 2021.2.5f1 (4ec9a5e799f5)
[Subsystems] Discovering subsystems at path /Applications/Unity/Hub/Editor/2021.2.5f1/Unity.app/Contents/Resources/UnitySubsystems
[Subsystems] Discovering subsystems at path /Users/gabriel/TwistTest/Assets
GfxDevice: creating device client; threaded=0; jobified=0
 preferred device: Apple M1 Max (high power)
Metal devices available: 1
0: Apple M1 Max (high power)
Using device Apple M1 Max (high power)
Initializing Metal device caps: Apple M1 Max
Initialize mono
Mono path[0] = '/Applications/Unity/Hub/Editor/2021.2.5f1/Unity.app/Contents/Managed'
Mono path[1] = '/Applications/Unity/Hub/Editor/2021.2.5f1/Unity.app/Contents/MonoBleedingEdge/lib/mono/unityjit-macos'
Mono config path = '/Applications/Unity/Hub/Editor/2021.2.5f1/Unity.app/Contents/MonoBleedingEdge/etc'
Using monoOptions --debugger-agent=transport=dt_socket,embedding=1,server=y,suspend=n,address=127.0.0.1:56325
Begin MonoManager ReloadAssembly
Registering precompiled unity dll's ...
Register platform support module: /Applications/Unity/Hub/Editor/2021.2.5f1/Unity.app/Contents/PlaybackEngines/MacStandaloneSupport/UnityEditor.OSXStandalone.Extensions.dll
Registered in 0.002461 seconds.
Native extension for OSXStandalone target not found
Refreshing native plugins compatible for Editor in 43.23 ms, found 2 plugins.
Preloading 0 native plugins for Editor in 0.00 ms.
Mono: successfully reloaded assembly
- Completed reload, in  0.372 seconds
Domain Reload Profiling:
	ReloadAssembly (373ms)
		BeginReloadAssembly (50ms)
			ExecutionOrderSort (0ms)
			DisableScriptedObjects (0ms)
			BackupInstance (0ms)
			ReleaseScriptingObjects (0ms)
			CreateAndSetChildDomain (0ms)
		EndReloadAssembly (270ms)
			LoadAssemblies (50ms)
			RebuildTransferFunctionScriptingTraits (0ms)
			SetupTypeCache (65ms)
			ReleaseScriptCaches (0ms)
			RebuildScriptCaches (19ms)
			SetupLoadedEditorAssemblies (157ms)
				LogAssemblyErrors (0ms)
				InitializePlatformSupportModulesInManaged (7ms)
				SetLoadedEditorAssemblies (0ms)
				RefreshPlugins (43ms)
				BeforeProcessingInitializeOnLoad (1ms)
				ProcessInitializeOnLoadAttributes (80ms)
				ProcessInitializeOnLoadMethodAttributes (26ms)
				AfterProcessingInitializeOnLoad (0ms)
				EditorAssembliesLoaded (0ms)
			ExecutionOrderSort2 (0ms)
			AwakeInstancesAfterBackupRestoration (0ms)
Platform modules already initialized, skipping
Registering precompiled user dll's ...
Registered in 0.001799 seconds.
Begin MonoManager ReloadAssembly
Native extension for OSXStandalone target not found
Refreshing native plugins compatible for Editor in 38.97 ms, found 2 plugins.
Preloading 0 native plugins for Editor in 0.00 ms.

=================================================================
	Native Crash Reporting
=================================================================
Got a segv while executing native code. This usually indicates
a fatal error in the mono runtime or one of the native libraries 
used by your application.
=================================================================

=================================================================
	Native stacktrace:
=================================================================
	0x146447a40 - /Applications/Unity/Hub/Editor/2021.2.5f1/Unity.app/Contents/Frameworks/MonoBleedingEdge/MonoEmbedRuntime/osx/libmonobdwgc-2.0.dylib : mono_dump_native_crash_info
	0x14640a01c - /Applications/Unity/Hub/Editor/2021.2.5f1/Unity.app/Contents/Frameworks/MonoBleedingEdge/MonoEmbedRuntime/osx/libmonobdwgc-2.0.dylib : mono_handle_native_crash
	0x1463929d4 - /Applications/Unity/Hub/Editor/2021.2.5f1/Unity.app/Contents/Frameworks/MonoBleedingEdge/MonoEmbedRuntime/osx/libmonobdwgc-2.0.dylib : mono_sigsegv_signal_handler_debug
	0x1817dc4e4 - /usr/lib/system/libsystem_platform.dylib : _sigtramp
	0x146579e70 - /Applications/Unity/Hub/Editor/2021.2.5f1/Unity.app/Contents/Frameworks/MonoBleedingEdge/MonoEmbedRuntime/osx/libmonobdwgc-2.0.dylib : mono_push_ephemerons
	0x1465aea10 - /Applications/Unity/Hub/Editor/2021.2.5f1/Unity.app/Contents/Frameworks/MonoBleedingEdge/MonoEmbedRuntime/osx/libmonobdwgc-2.0.dylib : GC_mark_some
	0x1465ae648 - /Applications/Unity/Hub/Editor/2021.2.5f1/Unity.app/Contents/Frameworks/MonoBleedingEdge/MonoEmbedRuntime/osx/libmonobdwgc-2.0.dylib : GC_collect_a_little_inner
	0x1465b4a3c - /Applications/Unity/Hub/Editor/2021.2.5f1/Unity.app/Contents/Frameworks/MonoBleedingEdge/MonoEmbedRuntime/osx/libmonobdwgc-2.0.dylib : GC_alloc_large
	0x1465b0de8 - /Applications/Unity/Hub/Editor/2021.2.5f1/Unity.app/Contents/Frameworks/MonoBleedingEdge/MonoEmbedRuntime/osx/libmonobdwgc-2.0.dylib : GC_generic_malloc
	0x1465b4db4 - /Applications/Unity/Hub/Editor/2021.2.5f1/Unity.app/Contents/Frameworks/MonoBleedingEdge/MonoEmbedRuntime/osx/libmonobdwgc-2.0.dylib : GC_malloc_kind_global
	0x14657aa0c - /Applications/Unity/Hub/Editor/2021.2.5f1/Unity.app/Contents/Frameworks/MonoBleedingEdge/MonoEmbedRuntime/osx/libmonobdwgc-2.0.dylib : mono_gc_alloc_vector
	0x146520c74 - /Applications/Unity/Hub/Editor/2021.2.5f1/Unity.app/Contents/Frameworks/MonoBleedingEdge/MonoEmbedRuntime/osx/libmonobdwgc-2.0.dylib : mono_array_new_specific_checked
	0x146520d98 - /Applications/Unity/Hub/Editor/2021.2.5f1/Unity.app/Contents/Frameworks/MonoBleedingEdge/MonoEmbedRuntime/osx/libmonobdwgc-2.0.dylib : ves_icall_array_new_specific
	0x125fb5fcc - Unknown
	0x17b4d33b8 - Unknown
	0x17b4d5874 - Unknown
	0x17b4d4d48 - Unknown
	0x17b4d4124 - Unknown
	0x17b4d0ca8 - Unknown
	0x17b4cfa14 - Unknown
	0x17b4cf82c - Unknown
	0x17b4cd878 - Unknown
	0x17b4cd2c4 - Unknown
	0x17b4cc1f4 - Unknown
	0x17b4cb1d8 - Unknown
	0x17b4c56f4 - Unknown
	0x17b4c51b4 - Unknown
	0x17b1824e0 - Unknown
	0x17b17f190 - Unknown
	0x17b17bb6c - Unknown
	0x17b17e7c4 - Unknown
	0x146395c94 - /Applications/Unity/Hub/Editor/2021.2.5f1/Unity.app/Contents/Frameworks/MonoBleedingEdge/MonoEmbedRuntime/osx/libmonobdwgc-2.0.dylib : mono_jit_runtime_invoke
	0x14651b858 - /Applications/Unity/Hub/Editor/2021.2.5f1/Unity.app/Contents/Frameworks/MonoBleedingEdge/MonoEmbedRuntime/osx/libmonobdwgc-2.0.dylib : do_runtime_invoke
	0x14651b778 - /Applications/Unity/Hub/Editor/2021.2.5f1/Unity.app/Contents/Frameworks/MonoBleedingEdge/MonoEmbedRuntime/osx/libmonobdwgc-2.0.dylib : mono_runtime_invoke
	0x10107fd2c - /Applications/Unity/Hub/Editor/2021.2.5f1/Unity.app/Contents/MacOS/Unity : _Z23scripting_method_invoke18ScriptingMethodPtr18ScriptingObjectPtrR18ScriptingArgumentsP21ScriptingExceptionPtrb
	0x10107ae9c - /Applications/Unity/Hub/Editor/2021.2.5f1/Unity.app/Contents/MacOS/Unity : _ZN19ScriptingInvocation6InvokeEP21ScriptingExceptionPtrb
	0x1009f2e08 - /Applications/Unity/Hub/Editor/2021.2.5f1/Unity.app/Contents/MacOS/Unity : _ZN20BurstCompilerService12CompileAsyncE18ScriptingMethodPtrPviPFvS1_iS1_EPFvS1_12BurstLogTypePKcS6_iES6_
	0x1009f6390 - /Applications/Unity/Hub/Editor/2021.2.5f1/Unity.app/Contents/MacOS/Unity : _ZN20BurstCompilerService14GetDisassemblyE18ScriptingObjectPtrPKc
	0x10045506c - /Applications/Unity/Hub/Editor/2021.2.5f1/Unity.app/Contents/MacOS/Unity : _Z42BurstCompilerService_CUSTOM_GetDisassemblyP37ScriptingBackendNativeObjectPtrOpaqueP37ScriptingBackendNativeStringPtrOpaque
	0x179eebeb4 - Unknown
	0x179eebc34 - Unknown
	0x179eeb9f0 - Unknown
	0x179ee1d64 - Unknown
	0x179ee11ac - Unknown
	0x146395c94 - /Applications/Unity/Hub/Editor/2021.2.5f1/Unity.app/Contents/Frameworks/MonoBleedingEdge/MonoEmbedRuntime/osx/libmonobdwgc-2.0.dylib : mono_jit_runtime_invoke
	0x14651b858 - /Applications/Unity/Hub/Editor/2021.2.5f1/Unity.app/Contents/Frameworks/MonoBleedingEdge/MonoEmbedRuntime/osx/libmonobdwgc-2.0.dylib : do_runtime_invoke
	0x146517c98 - /Applications/Unity/Hub/Editor/2021.2.5f1/Unity.app/Contents/Frameworks/MonoBleedingEdge/MonoEmbedRuntime/osx/libmonobdwgc-2.0.dylib : mono_runtime_class_init_full
	0x1464dcc18 - /Applications/Unity/Hub/Editor/2021.2.5f1/Unity.app/Contents/Frameworks/MonoBleedingEdge/MonoEmbedRuntime/osx/libmonobdwgc-2.0.dylib : ves_icall_System_Runtime_CompilerServices_RuntimeHelpers_RunClassConstructor_raw
	0x15170c5f8 - Unknown
	0x15170c470 - Unknown
	0x15170a014 - Unknown
	0x107cff9d0 - Unknown
	0x146395c94 - /Applications/Unity/Hub/Editor/2021.2.5f1/Unity.app/Contents/Frameworks/MonoBleedingEdge/MonoEmbedRuntime/osx/libmonobdwgc-2.0.dylib : mono_jit_runtime_invoke
	0x14651b858 - /Applications/Unity/Hub/Editor/2021.2.5f1/Unity.app/Contents/Frameworks/MonoBleedingEdge/MonoEmbedRuntime/osx/libmonobdwgc-2.0.dylib : do_runtime_invoke
	0x14651b778 - /Applications/Unity/Hub/Editor/2021.2.5f1/Unity.app/Contents/Frameworks/MonoBleedingEdge/MonoEmbedRuntime/osx/libmonobdwgc-2.0.dylib : mono_runtime_invoke
	0x10107fd2c - /Applications/Unity/Hub/Editor/2021.2.5f1/Unity.app/Contents/MacOS/Unity : _Z23scripting_method_invoke18ScriptingMethodPtr18ScriptingObjectPtrR18ScriptingArgumentsP21ScriptingExceptionPtrb
	0x10107ae9c - /Applications/Unity/Hub/Editor/2021.2.5f1/Unity.app/Contents/MacOS/Unity : _ZN19ScriptingInvocation6InvokeEP21ScriptingExceptionPtrb
	0x10116d370 - /Applications/Unity/Hub/Editor/2021.2.5f1/Unity.app/Contents/MacOS/Unity : _ZN9Scripting11UnityEditor21EditorAssembliesProxy33ProcessInitializeOnLoadAttributesE17ScriptingArrayPtrP21ScriptingExceptionPtr
	0x10102d050 - /Applications/Unity/Hub/Editor/2021.2.5f1/Unity.app/Contents/MacOS/Unity : _ZN11MonoManager27SetupLoadedEditorAssembliesERK13dynamic_arrayIiLm0EE
	0x10102f36c - /Applications/Unity/Hub/Editor/2021.2.5f1/Unity.app/Contents/MacOS/Unity : _ZN11MonoManager17EndReloadAssemblyER19DomainReloadingData14dynamic_bitset
	0x10102d634 - /Applications/Unity/Hub/Editor/2021.2.5f1/Unity.app/Contents/MacOS/Unity : _ZN11MonoManager14ReloadAssemblyEv
	0x101b641b8 - /Applications/Unity/Hub/Editor/2021.2.5f1/Unity.app/Contents/MacOS/Unity : _ZL27LoadDomainAndUserAssembliesv
	0x101b66314 - /Applications/Unity/Hub/Editor/2021.2.5f1/Unity.app/Contents/MacOS/Unity : _Z18LoadUserAssembliesv
	0x101eedccc - /Applications/Unity/Hub/Editor/2021.2.5f1/Unity.app/Contents/MacOS/Unity : _ZN11Application17InitializeProjectEv
	0x102c5fe78 - /Applications/Unity/Hub/Editor/2021.2.5f1/Unity.app/Contents/MacOS/Unity : -[EditorApplication applicationDidFinishLaunching:]
	0x181885160 - /System/Library/Frameworks/CoreFoundation.framework/Versions/A/CoreFoundation : __CFNOTIFICATIONCENTER_IS_CALLING_OUT_TO_AN_OBSERVER__
	0x181928ae4 - /System/Library/Frameworks/CoreFoundation.framework/Versions/A/CoreFoundation : ___CFXRegistrationPost_block_invoke
	0x181928a50 - /System/Library/Frameworks/CoreFoundation.framework/Versions/A/CoreFoundation : _CFXRegistrationPost
	0x181853e10 - /System/Library/Frameworks/CoreFoundation.framework/Versions/A/CoreFoundation : _CFXNotificationPost
	0x18270d5e0 - /System/Library/Frameworks/Foundation.framework/Versions/C/Foundation : -[NSNotificationCenter postNotificationName:object:userInfo:]
	0x1843ec7fc - /System/Library/Frameworks/AppKit.framework/Versions/C/AppKit : -[NSApplication _postDidFinishNotification]
	0x1843ec514 - /System/Library/Frameworks/AppKit.framework/Versions/C/AppKit : -[NSApplication _sendFinishLaunchingNotification]
	0x1843e9f14 - /System/Library/Frameworks/AppKit.framework/Versions/C/AppKit : -[NSApplication(NSAppleEventHandling) _handleAEOpenEvent:]
	0x1843e9afc - /System/Library/Frameworks/AppKit.framework/Versions/C/AppKit : -[NSApplication(NSAppleEventHandling) _handleCoreEvent:withReplyEvent:]
	0x18273a834 - /System/Library/Frameworks/Foundation.framework/Versions/C/Foundation : -[NSAppleEventManager dispatchRawAppleEvent:withRawReply:handlerRefCon:]
	0x18273a670 - /System/Library/Frameworks/Foundation.framework/Versions/C/Foundation : _NSAppleEventManagerGenericHandler
	0x18801475c - /System/Library/Frameworks/CoreServices.framework/Versions/A/Frameworks/AE.framework/Versions/A/AE : _AppleEventsCheckInAppWithBlock
	0x1880140b4 - /System/Library/Frameworks/CoreServices.framework/Versions/A/Frameworks/AE.framework/Versions/A/AE : _AppleEventsCheckInAppWithBlock
	0x18800cf84 - /System/Library/Frameworks/CoreServices.framework/Versions/A/Frameworks/AE.framework/Versions/A/AE : aeProcessAppleEvent
	0x18a415dfc - /System/Library/Frameworks/Carbon.framework/Versions/A/Frameworks/HIToolbox.framework/Versions/A/HIToolbox : AEProcessAppleEvent
	0x1843e3ed8 - /System/Library/Frameworks/AppKit.framework/Versions/C/AppKit : _DPSNextEvent
	0x1843e2390 - /System/Library/Frameworks/AppKit.framework/Versions/C/AppKit : -[NSApplication(NSEvent) _nextEventMatchingEventMask:untilDate:inMode:dequeue:]
	0x1843d43b0 - /System/Library/Frameworks/AppKit.framework/Versions/C/AppKit : -[NSApplication run]
	0x1843a5a84 - /System/Library/Frameworks/AppKit.framework/Versions/C/AppKit : NSApplicationMain
	0x102c5e37c - /Applications/Unity/Hub/Editor/2021.2.5f1/Unity.app/Contents/MacOS/Unity : _Z10EditorMainiPPKc
	0x102c5e6b4 - /Applications/Unity/Hub/Editor/2021.2.5f1/Unity.app/Contents/MacOS/Unity : main
	0x1062450f4 - Unknown

=================================================================
	Telemetry Dumper:
=================================================================
Pkilling 0x6414725120x from 0x4398450048x
Pkilling 0x6425456640x from 0x4398450048x
Pkilling 0x6340407296x from 0x4398450048x
Pkilling 0x6416871424x from 0x4398450048x
Pkilling 0x6427602944x from 0x4398450048x
Pkilling 0x6408286208x from 0x4398450048x
Pkilling 0x6419017728x from 0x4398450048x
Pkilling 0x6410432512x from 0x4398450048x
Pkilling 0x6366605312x from 0x4398450048x
Pkilling 0x6421164032x from 0x4398450048x
Pkilling 0x6430339072x from 0x4398450048x
Pkilling 0x6412578816x from 0x4398450048x
Pkilling 0x6423310336x from 0x4398450048x
Pkilling 0x6338260992x from 0x4398450048x
Entering thread summarizer pause from 0x4398450048x
Finished thread summarizer pause from 0x4398450048x.
Failed to create breadcrumb file (null)/crash_hash_0x24fc8054aa
debugger-agent: Unable to listen on 41

Waiting for dumping threads to resume

=================================================================
	External Debugger Dump:
=================================================================

=================================================================
	Basic Fault Address Reporting
=================================================================
Memory around native instruction pointer (0x1465b0768):0x1465b0758  88 79 68 f8 09 fc 44 d3 0a 2c 4a d3 08 0d 0a 8b  .yh...D..,J.....
0x1465b0768  08 21 40 f9 08 25 c9 9a 00 01 00 12 c0 03 5f d6  .!@..%........_.
0x1465b0778  f4 4f be a9 fd 7b 01 a9 fd 43 00 91 f3 03 00 aa  .O...{...C......
0x1465b0788  2f 37 00 94 1f 04 00 71 ab 00 00 54 e0 03 13 aa  /7.....q...T....

=================================================================
	Managed Stacktrace:
=================================================================
	  at <unknown> <0xffffffff>
	  at System.Object:__icall_wrapper_ves_icall_array_new_specific <0x00007>
	  at System.IO.BinaryReader:ReadBytes <0x00167>
	  at Mono.Cecil.PE.ImageReader:ReadHeapData <0x000f3>
	  at Mono.Cecil.PE.ImageReader:ReadMetadataStream <0x0010f>
	  at Mono.Cecil.PE.ImageReader:ReadMetadata <0x002d3>
	  at Mono.Cecil.PE.ImageReader:ReadImage <0x0036f>
	  at Mono.Cecil.PE.ImageReader:ReadImage <0x000db>
	  at Mono.Cecil.ModuleDefinition:ReadModule <0x000a3>
	  at Mono.Cecil.ModuleDefinition:ReadModule <0x003cf>
	  at Mono.Cecil.BaseAssemblyResolver:GetAssembly <0x000c3>
	  at Mono.Cecil.BaseAssemblyResolver:SearchDirectory <0x003a3>
	  at Mono.Cecil.BaseAssemblyResolver:Resolve <0x000b7>
	  at zzzUnity.Burst.CodeGen.AssemblyLoader:Resolve <0x002db>
	  at zzzUnity.Burst.CodeGen.AssemblyLoader:TryGetFullPath <0x0007b>
	  at Burst.Compiler.IL.Jit.JitCacheManager:LoadLibraryCache <0x006ff>
	  at Burst.Compiler.IL.Jit.JitCompilerService:EnsureLibraryCacheLoaded <0x00297>
	  at Burst.Compiler.IL.Jit.JitCompilerService:CompileInternal <0x0029b>
	  at <Module>:runtime_invoke_void__this___object_object_intptr_int_intptr_intptr_object <0x001b3>
	  at <unknown> <0xffffffff>
	  at Unity.Burst.LowLevel.BurstCompilerService:GetDisassembly <0x00007>
	  at Unity.Burst.BurstCompiler:SendCommandToCompiler <0x00183>
	  at Unity.Burst.BurstCompiler:IsApiAvailable <0x0006f>
	  at Unity.Burst.Editor.BurstLoader:.cctor <0x0094b>
	  at System.Object:runtime_invoke_void <0x0011b>
	  at <unknown> <0xffffffff>
	  at System.Runtime.CompilerServices.RuntimeHelpers:RunClassConstructor <0x00007>
	  at System.Runtime.CompilerServices.RuntimeHelpers:RunClassConstructor <0x000ff>
	  at UnityEditor.EditorAssemblies:ProcessInitializeOnLoadAttributes <0x00413>
	  at <Module>:runtime_invoke_void_object <0x000bf>
=================================================================
Obtained 0 stack frames.
